#! /c/Source/iverilog-install/bin/vvp
:ivl_version "12.0 (devel)" "(s20150603-1539-g2693dd32b)";
:ivl_delay_selection "TYPICAL";
:vpi_time_precision + 0;
:vpi_module "C:\iverilog\lib\ivl\system.vpi";
:vpi_module "C:\iverilog\lib\ivl\vhdl_sys.vpi";
:vpi_module "C:\iverilog\lib\ivl\vhdl_textio.vpi";
:vpi_module "C:\iverilog\lib\ivl\v2005_math.vpi";
:vpi_module "C:\iverilog\lib\ivl\va_math.vpi";
S_000001e6623563a0 .scope module, "data_memory" "data_memory" 2 1;
 .timescale 0 0;
    .port_info 0 /INPUT 1 "clk";
    .port_info 1 /INPUT 16 "mem_acess_addr";
    .port_info 2 /INPUT 16 "mem_write_data";
    .port_info 3 /INPUT 1 "mem_write_en";
    .port_info 4 /INPUT 1 "mem_read";
    .port_info 5 /OUTPUT 16 "mem_read_data";
o000001e6624e7188 .functor BUFZ 1, C4<z>; HiZ drive
L_000001e662528c90 .functor BUFT 1, C4<1>, C4<0>, C4<0>, C4<0>;
L_000001e6623599b0 .functor XNOR 1, o000001e6624e7188, L_000001e662528c90, C4<0>, C4<0>;
v000001e662356a00_0 .net *"_ivl_1", 7 0, L_000001e662528b80;  1 drivers
v000001e662359910_0 .net *"_ivl_10", 15 0, L_000001e662528a40;  1 drivers
L_000001e662528cd8 .functor BUFT 1, C4<0000000000000000>, C4<0>, C4<0>, C4<0>;
v000001e662356530_0 .net/2u *"_ivl_12", 15 0, L_000001e662528cd8;  1 drivers
L_000001e662528c48 .functor BUFT 1, C4<00000000>, C4<0>, C4<0>, C4<0>;
v000001e6623565d0_0 .net *"_ivl_5", 7 0, L_000001e662528c48;  1 drivers
v000001e662356670_0 .net/2u *"_ivl_6", 0 0, L_000001e662528c90;  1 drivers
v000001e662356710_0 .net *"_ivl_8", 0 0, L_000001e6623599b0;  1 drivers
o000001e6624e70f8 .functor BUFZ 1, C4<z>; HiZ drive
v000001e6624e36b0_0 .net "clk", 0 0, o000001e6624e70f8;  0 drivers
v000001e6624e3750_0 .var/i "i", 31 0;
o000001e6624e7158 .functor BUFZ 16, C4<zzzzzzzzzzzzzzzz>; HiZ drive
v000001e6624e37f0_0 .net "mem_acess_addr", 15 0, o000001e6624e7158;  0 drivers
v000001e6625289a0_0 .net "mem_read", 0 0, o000001e6624e7188;  0 drivers
v000001e662528400_0 .net "mem_read_data", 15 0, L_000001e6625287c0;  1 drivers
o000001e6624e71e8 .functor BUFZ 16, C4<zzzzzzzzzzzzzzzz>; HiZ drive
v000001e662527dc0_0 .net "mem_write_data", 15 0, o000001e6624e71e8;  0 drivers
o000001e6624e7218 .functor BUFZ 1, C4<z>; HiZ drive
v000001e662527e60_0 .net "mem_write_en", 0 0, o000001e6624e7218;  0 drivers
v000001e662528540 .array "ram", 0 255, 15 0;
v000001e662528220_0 .net "ram_addr", 15 0, L_000001e6625282c0;  1 drivers
E_000001e6624e6480 .event posedge, v000001e6624e36b0_0;
L_000001e662528b80 .part o000001e6624e7158, 1, 8;
L_000001e6625282c0 .concat [ 8 8 0 0], L_000001e662528b80, L_000001e662528c48;
L_000001e662528a40 .array/port v000001e662528540, L_000001e6625282c0;
L_000001e6625287c0 .functor MUXZ 16, L_000001e662528cd8, L_000001e662528a40, L_000001e6623599b0, C4<>;
    .scope S_000001e6623563a0;
T_0 ;
    %pushi/vec4 0, 0, 32;
    %store/vec4 v000001e6624e3750_0, 0, 32;
T_0.0 ;
    %load/vec4 v000001e6624e3750_0;
    %cmpi/s 256, 0, 32;
    %jmp/0xz T_0.1, 5;
    %pushi/vec4 0, 0, 16;
    %ix/getv/s 3, v000001e6624e3750_0;
    %ix/load 4, 0, 0; Constant delay
    %assign/vec4/a/d v000001e662528540, 0, 4;
    ; show_stmt_assign_vector: Get l-value for compressed += operand
    %load/vec4 v000001e6624e3750_0;
    %pushi/vec4 1, 0, 32;
    %add;
    %store/vec4 v000001e6624e3750_0, 0, 32;
    %jmp T_0.0;
T_0.1 ;
    %end;
    .thread T_0;
    .scope S_000001e6623563a0;
T_1 ;
    %wait E_000001e6624e6480;
    %load/vec4 v000001e662527e60_0;
    %flag_set/vec4 8;
    %jmp/0xz  T_1.0, 8;
    %load/vec4 v000001e662527dc0_0;
    %ix/getv 3, v000001e662528220_0;
    %ix/load 4, 0, 0; Constant delay
    %assign/vec4/a/d v000001e662528540, 0, 4;
T_1.0 ;
    %jmp T_1;
    .thread T_1;
# The file index is used to find the file name in the following table.
:file_names 3;
    "N/A";
    "<interactive>";
    "Processador.v";
